/home/ojus001/.venvs/venv/lib/python3.12/site-packages/torch/utils/data/dataloader.py:624: UserWarning: This DataLoader will create 2 worker processes in total. Our suggested max number of worker in current system is 1, which is smaller than what this DataLoader is going to create. Please be aware that excessive worker creation might get DataLoader running slow or even freeze, lower the worker number to avoid potential slowness/freeze if necessary.
  warnings.warn(
1. Data Loading...
2.Model Loading...
3. Training...
  0%|          | 0/30 [00:00<?, ?it/s]  0%|          | 0/30 [00:00<?, ?it/s]
Traceback (most recent call last):
  File "/scratch/ojus001/oj-test/ak-temp/resnet50-cifar10-fastapi/training/train_classConditionalAugmentation.py", line 271, in <module>
    main()
  File "/scratch/ojus001/oj-test/ak-temp/resnet50-cifar10-fastapi/training/train_classConditionalAugmentation.py", line 268, in main
    train_model(model, train_loader, test_loader, criterion, optimizer, scheduler, num_epochs=30, device=device)
  File "/scratch/ojus001/oj-test/ak-temp/resnet50-cifar10-fastapi/training/train_classConditionalAugmentation.py", line 125, in train_model
    for images, labels in train_loader: # Each batch is fetched from the loader
  File "/home/ojus001/.venvs/venv/lib/python3.12/site-packages/torch/utils/data/dataloader.py", line 708, in __next__
    data = self._next_data()
           ^^^^^^^^^^^^^^^^^
  File "/home/ojus001/.venvs/venv/lib/python3.12/site-packages/torch/utils/data/dataloader.py", line 764, in _next_data
    data = self._dataset_fetcher.fetch(index)  # may raise StopIteration
           ^^^^^^^^^^^^^^^^^^^^^^^^^^^^^^^^^^
  File "/home/ojus001/.venvs/venv/lib/python3.12/site-packages/torch/utils/data/_utils/fetch.py", line 52, in fetch
    data = [self.dataset[idx] for idx in possibly_batched_index]
            ~~~~~~~~~~~~^^^^^
  File "/scratch/ojus001/oj-test/ak-temp/resnet50-cifar10-fastapi/training/train_classConditionalAugmentation.py", line 44, in __getitem__
    image = self.strong_transform(image)
            ^^^^^^^^^^^^^^^^^^^^^^^^^^^^
  File "/home/ojus001/.venvs/venv/lib/python3.12/site-packages/torchvision/transforms/transforms.py", line 95, in __call__
    img = t(img)
          ^^^^^^
  File "/home/ojus001/.venvs/venv/lib/python3.12/site-packages/torch/nn/modules/module.py", line 1739, in _wrapped_call_impl
    return self._call_impl(*args, **kwargs)
           ^^^^^^^^^^^^^^^^^^^^^^^^^^^^^^^^
  File "/home/ojus001/.venvs/venv/lib/python3.12/site-packages/torch/nn/modules/module.py", line 1750, in _call_impl
    return forward_call(*args, **kwargs)
           ^^^^^^^^^^^^^^^^^^^^^^^^^^^^^
  File "/home/ojus001/.venvs/venv/lib/python3.12/site-packages/torchvision/transforms/transforms.py", line 1731, in forward
    if value is not None and not (len(value) in (1, img.shape[-3])):
                                                    ^^^^^^^^^
AttributeError: 'Image' object has no attribute 'shape'. Did you mean: 'save'?
